[debug] [2021-09-17T06:50:53.754Z] ----------------------------------------------------------------------
[debug] [2021-09-17T06:50:53.760Z] Command:       E:\HTML CSS  JS\node js installer\node.exe C:\Users\Hp\AppData\Roaming\npm\node_modules\firebase-tools\lib\bin\firebase.js init
[debug] [2021-09-17T06:50:53.762Z] CLI Version:   9.17.0
[debug] [2021-09-17T06:50:53.763Z] Platform:      win32
[debug] [2021-09-17T06:50:53.763Z] Node Version:  v14.17.0
[debug] [2021-09-17T06:50:53.818Z] Time:          Fri Sep 17 2021 12:20:53 GMT+0530 (India Standard Time)
[debug] [2021-09-17T06:50:53.819Z] ----------------------------------------------------------------------
[debug] 
[debug] [2021-09-17T06:50:53.869Z] >>> [apiv2][query] GET https://firebase-public.firebaseio.com/cli.json [none]
[debug] [2021-09-17T06:50:54.198Z] > command requires scopes: ["email","openid","https://www.googleapis.com/auth/cloudplatformprojects.readonly","https://www.googleapis.com/auth/firebase","https://www.googleapis.com/auth/cloud-platform"]
[debug] [2021-09-17T06:50:54.198Z] > authorizing via signed-in user (heetkumarpatel@gmail.com)
[info] 
     ######## #### ########  ######## ########     ###     ######  ########
     ##        ##  ##     ## ##       ##     ##  ##   ##  ##       ##
     ######    ##  ########  ######   ########  #########  ######  ######
     ##        ##  ##    ##  ##       ##     ## ##     ##       ## ##
     ##       #### ##     ## ######## ########  ##     ##  ######  ########

You're about to initialize a Firebase project in this directory:

  E:\Projects\New-Hacking-Heist\Hacking-Heist-React

Before we get started, keep in mind:

  * You are initializing within an existing Firebase project directory

[debug] [2021-09-17T06:50:55.348Z] <<< [apiv2][status] GET https://firebase-public.firebaseio.com/cli.json 200
[debug] [2021-09-17T06:50:55.350Z] <<< [apiv2][body] GET https://firebase-public.firebaseio.com/cli.json {"cloudBuildErrorAfter":1594252800000,"cloudBuildWarnAfter":1590019200000,"defaultNode10After":1594252800000,"minVersion":"3.0.5","node8DeploysDisabledAfter":1613390400000,"node8RuntimeDisabledAfter":1615809600000,"node8WarnAfter":1600128000000}
